Copyright 1986-2018 Xilinx, Inc. All Rights Reserved.
----------------------------------------------------------------------------------------------------------------------------------------------------------------------------------------------
| Tool Version     : Vivado v.2018.3 (lin64) Build 2405991 Thu Dec  6 23:36:41 MST 2018
| Date             : Tue Jun 20 19:04:03 2023
| Host             : fedora running 64-bit unknown
| Command          : report_power -file audio_processing_wrapper_power_routed.rpt -pb audio_processing_wrapper_power_summary_routed.pb -rpx audio_processing_wrapper_power_routed.rpx
| Design           : audio_processing_wrapper
| Device           : xc7z020clg484-1
| Design State     : routed
| Grade            : commercial
| Process          : typical
| Characterization : Production
----------------------------------------------------------------------------------------------------------------------------------------------------------------------------------------------

Power Report

Table of Contents
-----------------
1. Summary
1.1 On-Chip Components
1.2 Power Supply Summary
1.3 Confidence Level
2. Settings
2.1 Environment
2.2 Clock Constraints
3. Detailed Reports
3.1 By Hierarchy

1. Summary
----------

+--------------------------+--------------+
| Total On-Chip Power (W)  | 1.851        |
| Design Power Budget (W)  | Unspecified* |
| Power Budget Margin (W)  | NA           |
| Dynamic (W)              | 1.697        |
| Device Static (W)        | 0.154        |
| Effective TJA (C/W)      | 11.5         |
| Max Ambient (C)          | 63.7         |
| Junction Temperature (C) | 46.3         |
| Confidence Level         | Low          |
| Setting File             | ---          |
| Simulation Activity File | ---          |
| Design Nets Matched      | NA           |
+--------------------------+--------------+
* Specify Design Power Budget using, set_operating_conditions -design_power_budget <value in Watts>


1.1 On-Chip Components
----------------------

+-------------------------+-----------+----------+-----------+-----------------+
| On-Chip                 | Power (W) | Used     | Available | Utilization (%) |
+-------------------------+-----------+----------+-----------+-----------------+
| Clocks                  |     0.010 |        6 |       --- |             --- |
| Slice Logic             |     0.003 |     7583 |       --- |             --- |
|   LUT as Logic          |     0.002 |     3282 |     53200 |            6.17 |
|   CARRY4                |    <0.001 |      498 |     13300 |            3.74 |
|   Register              |    <0.001 |     2085 |    106400 |            1.96 |
|   LUT as Shift Register |    <0.001 |       62 |     17400 |            0.36 |
|   Others                |     0.000 |      251 |       --- |             --- |
| Signals                 |     0.004 |     5402 |       --- |             --- |
| Block RAM               |     0.007 |     48.5 |       140 |           34.64 |
| MMCM                    |     0.122 |        1 |         4 |           25.00 |
| DSPs                    |     0.016 |       33 |       220 |           15.00 |
| I/O                     |     0.005 |       28 |       200 |           14.00 |
| PS7                     |     1.529 |        1 |       --- |             --- |
| Static Power            |     0.154 |          |           |                 |
| Total                   |     1.851 |          |           |                 |
+-------------------------+-----------+----------+-----------+-----------------+


1.2 Power Supply Summary
------------------------

+-----------+-------------+-----------+-------------+------------+
| Source    | Voltage (V) | Total (A) | Dynamic (A) | Static (A) |
+-----------+-------------+-----------+-------------+------------+
| Vccint    |       1.000 |     0.058 |       0.040 |      0.018 |
| Vccaux    |       1.800 |     0.083 |       0.068 |      0.016 |
| Vcco33    |       3.300 |     0.002 |       0.001 |      0.001 |
| Vcco25    |       2.500 |     0.000 |       0.000 |      0.000 |
| Vcco18    |       1.800 |     0.000 |       0.000 |      0.000 |
| Vcco15    |       1.500 |     0.000 |       0.000 |      0.000 |
| Vcco135   |       1.350 |     0.000 |       0.000 |      0.000 |
| Vcco12    |       1.200 |     0.000 |       0.000 |      0.000 |
| Vccaux_io |       1.800 |     0.000 |       0.000 |      0.000 |
| Vccbram   |       1.000 |     0.005 |       0.001 |      0.004 |
| MGTAVcc   |       1.000 |     0.000 |       0.000 |      0.000 |
| MGTAVtt   |       1.200 |     0.000 |       0.000 |      0.000 |
| MGTVccaux |       1.800 |     0.000 |       0.000 |      0.000 |
| Vccpint   |       1.000 |     0.750 |       0.718 |      0.032 |
| Vccpaux   |       1.800 |     0.061 |       0.051 |      0.010 |
| Vccpll    |       1.800 |     0.017 |       0.014 |      0.003 |
| Vcco_ddr  |       1.500 |     0.459 |       0.457 |      0.002 |
| Vcco_mio0 |       3.300 |     0.003 |       0.002 |      0.001 |
| Vcco_mio1 |       1.800 |     0.003 |       0.002 |      0.001 |
| Vccadc    |       1.800 |     0.020 |       0.000 |      0.020 |
+-----------+-------------+-----------+-------------+------------+


1.3 Confidence Level
--------------------

+-----------------------------+------------+--------------------------------------------------------+------------------------------------------------------------------------------------------------------------+
| User Input Data             | Confidence | Details                                                | Action                                                                                                     |
+-----------------------------+------------+--------------------------------------------------------+------------------------------------------------------------------------------------------------------------+
| Design implementation state | High       | Design is routed                                       |                                                                                                            |
| Clock nodes activity        | High       | User specified more than 95% of clocks                 |                                                                                                            |
| I/O nodes activity          | Low        | More than 75% of inputs are missing user specification | Provide missing input activity with simulation results or by editing the "By Resource Type -> I/Os" view   |
| Internal nodes activity     | Medium     | User specified less than 25% of internal nodes         | Provide missing internal nodes activity with simulation results or by editing the "By Resource Type" views |
| Device models               | High       | Device models are Production                           |                                                                                                            |
|                             |            |                                                        |                                                                                                            |
| Overall confidence level    | Low        |                                                        |                                                                                                            |
+-----------------------------+------------+--------------------------------------------------------+------------------------------------------------------------------------------------------------------------+


2. Settings
-----------

2.1 Environment
---------------

+-----------------------+------------------------+
| Ambient Temp (C)      | 25.0                   |
| ThetaJA (C/W)         | 11.5                   |
| Airflow (LFM)         | 250                    |
| Heat Sink             | none                   |
| ThetaSA (C/W)         | 0.0                    |
| Board Selection       | medium (10"x10")       |
| # of Board Layers     | 8to11 (8 to 11 Layers) |
| Board Temperature (C) | 25.0                   |
+-----------------------+------------------------+


2.2 Clock Constraints
---------------------

+---------------------------------------+-------------------------------------------------------------------------+-----------------+
| Clock                                 | Domain                                                                  | Constraint (ns) |
+---------------------------------------+-------------------------------------------------------------------------+-----------------+
| clk_fpga_0                            | audio_processing_i/processing_system7_0/inst/FCLK_CLK0                  |            10.0 |
| clk_fpga_0                            | audio_processing_i/processing_system7_0/inst/FCLK_CLK_unbuffered[0]     |            10.0 |
| clk_out1_audio_processing_clk_wiz_0_0 | audio_processing_i/clk_wiz_0/inst/clk_out1_audio_processing_clk_wiz_0_0 |            41.7 |
| clkfbout_audio_processing_clk_wiz_0_0 | audio_processing_i/clk_wiz_0/inst/clkfbout_audio_processing_clk_wiz_0_0 |            50.0 |
+---------------------------------------+-------------------------------------------------------------------------+-----------------+


3. Detailed Reports
-------------------

3.1 By Hierarchy
----------------

+-----------------------------+-----------+
| Name                        | Power (W) |
+-----------------------------+-----------+
| audio_processing_wrapper    |     1.697 |
|   audio_processing_i        |     1.691 |
|     adau1761_controller_0   |     0.002 |
|       inst                  |     0.002 |
|     axis_audio_delay_0      |     0.007 |
|       inst                  |     0.007 |
|     axis_audio_distortion_0 |     0.001 |
|       inst                  |     0.001 |
|     axis_audio_filter_0     |     0.016 |
|       inst                  |     0.016 |
|     axis_audio_tremolo_0    |     0.001 |
|       inst                  |     0.001 |
|     clk_wiz_0               |     0.122 |
|       inst                  |     0.122 |
|     processing_system7_0    |     1.530 |
|       inst                  |     1.530 |
|     ps7_0_axi_periph        |     0.005 |
|       s00_couplers          |     0.004 |
|     ssd1306_driver_0        |     0.005 |
|       inst                  |     0.005 |
+-----------------------------+-----------+


