
*** Running vivado
    with args -log audio_processing_wrapper.vdi -applog -m64 -product Vivado -messageDb vivado.pb -mode batch -source audio_processing_wrapper.tcl -notrace


****** Vivado v2018.3 (64-bit)
  **** SW Build 2405991 on Thu Dec  6 23:36:41 MST 2018
  **** IP Build 2404404 on Fri Dec  7 01:43:56 MST 2018
    ** Copyright 1986-2018 Xilinx, Inc. All Rights Reserved.

Sourcing tcl script '/home/maniek/.Xilinx/Vivado/Vivado_init.tcl'
source audio_processing_wrapper.tcl -notrace
INFO: [IP_Flow 19-234] Refreshing IP repositories
INFO: [IP_Flow 19-1700] Loaded user IP repository '/home/maniek/Vivado/ip_repo/spi_master_1.0'.
INFO: [IP_Flow 19-1700] Loaded user IP repository '/home/maniek/git/audio-processing/pl/ip_repo'.
INFO: [IP_Flow 19-1700] Loaded user IP repository '/home/maniek/Vivado/ip_repo/ssd1306_driver_1.0'.
INFO: [IP_Flow 19-2313] Loaded Vivado IP repository '/mnt/HGST/Programy/Xilinx/Vivado/2018.3/data/ip'.
add_files: Time (s): cpu = 00:00:16 ; elapsed = 00:00:09 . Memory (MB): peak = 1991.152 ; gain = 274.648 ; free physical = 2657 ; free virtual = 19110
Command: link_design -top audio_processing_wrapper -part xc7z020clg484-1
Design is defaulting to srcset: sources_1
Design is defaulting to constrset: constrs_1
INFO: [Project 1-454] Reading design checkpoint '/home/maniek/Vivado/audio-effect-box/audio-effect-box.srcs/sources_1/bd/audio_processing/ip/audio_processing_adau1761_controller_0_0/audio_processing_adau1761_controller_0_0.dcp' for cell 'audio_processing_i/adau1761_controller_0'
INFO: [Project 1-454] Reading design checkpoint '/home/maniek/Vivado/audio-effect-box/audio-effect-box.srcs/sources_1/bd/audio_processing/ip/audio_processing_axis_audio_delay_0_0/audio_processing_axis_audio_delay_0_0.dcp' for cell 'audio_processing_i/axis_audio_delay_0'
INFO: [Project 1-454] Reading design checkpoint '/home/maniek/Vivado/audio-effect-box/audio-effect-box.srcs/sources_1/bd/audio_processing/ip/audio_processing_axis_audio_distortion_0_0/audio_processing_axis_audio_distortion_0_0.dcp' for cell 'audio_processing_i/axis_audio_distortion_0'
INFO: [Project 1-454] Reading design checkpoint '/home/maniek/Vivado/audio-effect-box/audio-effect-box.srcs/sources_1/bd/audio_processing/ip/audio_processing_axis_audio_filter_0_0/audio_processing_axis_audio_filter_0_0.dcp' for cell 'audio_processing_i/axis_audio_filter_0'
INFO: [Project 1-454] Reading design checkpoint '/home/maniek/Vivado/audio-effect-box/audio-effect-box.srcs/sources_1/bd/audio_processing/ip/audio_processing_axis_audio_tremolo_0_0/audio_processing_axis_audio_tremolo_0_0.dcp' for cell 'audio_processing_i/axis_audio_tremolo_0'
INFO: [Project 1-454] Reading design checkpoint '/home/maniek/Vivado/audio-effect-box/audio-effect-box.srcs/sources_1/bd/audio_processing/ip/audio_processing_clk_wiz_0_0/audio_processing_clk_wiz_0_0.dcp' for cell 'audio_processing_i/clk_wiz_0'
INFO: [Project 1-454] Reading design checkpoint '/home/maniek/Vivado/audio-effect-box/audio-effect-box.srcs/sources_1/bd/audio_processing/ip/audio_processing_axi_gpio_0_0/audio_processing_axi_gpio_0_0.dcp' for cell 'audio_processing_i/effect_control'
INFO: [Project 1-454] Reading design checkpoint '/home/maniek/Vivado/audio-effect-box/audio-effect-box.srcs/sources_1/bd/audio_processing/ip/audio_processing_axi_gpio_0_1/audio_processing_axi_gpio_0_1.dcp' for cell 'audio_processing_i/gpio_buttons'
INFO: [Project 1-454] Reading design checkpoint '/home/maniek/Vivado/audio-effect-box/audio-effect-box.srcs/sources_1/bd/audio_processing/ip/audio_processing_i2s_receiver_0_0/audio_processing_i2s_receiver_0_0.dcp' for cell 'audio_processing_i/i2s_receiver_0'
INFO: [Project 1-454] Reading design checkpoint '/home/maniek/Vivado/audio-effect-box/audio-effect-box.srcs/sources_1/bd/audio_processing/ip/audio_processing_i2s_transmitter_0_0/audio_processing_i2s_transmitter_0_0.dcp' for cell 'audio_processing_i/i2s_transmitter_0'
INFO: [Project 1-454] Reading design checkpoint '/home/maniek/Vivado/audio-effect-box/audio-effect-box.srcs/sources_1/bd/audio_processing/ip/audio_processing_processing_system7_0_0/audio_processing_processing_system7_0_0.dcp' for cell 'audio_processing_i/processing_system7_0'
INFO: [Project 1-454] Reading design checkpoint '/home/maniek/Vivado/audio-effect-box/audio-effect-box.srcs/sources_1/bd/audio_processing/ip/audio_processing_rst_ps7_0_50M_0/audio_processing_rst_ps7_0_50M_0.dcp' for cell 'audio_processing_i/rst_ps7_0_50M'
INFO: [Project 1-454] Reading design checkpoint '/home/maniek/Vivado/audio-effect-box/audio-effect-box.srcs/sources_1/bd/audio_processing/ip/audio_processing_sample_to_leds_0_0/audio_processing_sample_to_leds_0_0.dcp' for cell 'audio_processing_i/sample_to_leds_0'
INFO: [Project 1-454] Reading design checkpoint '/home/maniek/Vivado/audio-effect-box/audio-effect-box.srcs/sources_1/bd/audio_processing/ip/audio_processing_ssd1306_driver_0_0/audio_processing_ssd1306_driver_0_0.dcp' for cell 'audio_processing_i/ssd1306_driver_0'
INFO: [Project 1-454] Reading design checkpoint '/home/maniek/Vivado/audio-effect-box/audio-effect-box.srcs/sources_1/bd/audio_processing/ip/audio_processing_stereo_to_mono_0_0/audio_processing_stereo_to_mono_0_0.dcp' for cell 'audio_processing_i/stereo_to_mono_0'
INFO: [Project 1-454] Reading design checkpoint '/home/maniek/Vivado/audio-effect-box/audio-effect-box.srcs/sources_1/bd/audio_processing/ip/audio_processing_xbar_0/audio_processing_xbar_0.dcp' for cell 'audio_processing_i/ps7_0_axi_periph/xbar'
INFO: [Project 1-454] Reading design checkpoint '/home/maniek/Vivado/audio-effect-box/audio-effect-box.srcs/sources_1/bd/audio_processing/ip/audio_processing_auto_pc_0/audio_processing_auto_pc_0.dcp' for cell 'audio_processing_i/ps7_0_axi_periph/s00_couplers/auto_pc'
INFO: [Netlist 29-17] Analyzing 581 Unisim elements for replacement
INFO: [Netlist 29-28] Unisim Transformation completed in 0 CPU seconds
INFO: [Project 1-479] Netlist was created with Vivado 2018.3
INFO: [Device 21-403] Loading part xc7z020clg484-1
INFO: [Project 1-570] Preparing netlist for logic optimization
WARNING: [Opt 31-32] Removing redundant IBUF since it is not being driven by a top-level port. audio_processing_i/clk_wiz_0/inst/clkin1_ibufg 
Resolution: The tool has removed redundant IBUF. To resolve this warning, check for redundant IBUF in the input design.
WARNING: [Constraints 18-550] Could not create 'IBUF_LOW_PWR' constraint because net 'audio_processing_i/clk_wiz_0/clk_in1' is not directly connected to top level port. Synthesis is ignored for IBUF_LOW_PWR but preserved for implementation.
Parsing XDC File [/home/maniek/Vivado/audio-effect-box/audio-effect-box.srcs/sources_1/bd/audio_processing/ip/audio_processing_clk_wiz_0_0/audio_processing_clk_wiz_0_0_board.xdc] for cell 'audio_processing_i/clk_wiz_0/inst'
Finished Parsing XDC File [/home/maniek/Vivado/audio-effect-box/audio-effect-box.srcs/sources_1/bd/audio_processing/ip/audio_processing_clk_wiz_0_0/audio_processing_clk_wiz_0_0_board.xdc] for cell 'audio_processing_i/clk_wiz_0/inst'
Parsing XDC File [/home/maniek/Vivado/audio-effect-box/audio-effect-box.srcs/sources_1/bd/audio_processing/ip/audio_processing_clk_wiz_0_0/audio_processing_clk_wiz_0_0.xdc] for cell 'audio_processing_i/clk_wiz_0/inst'
INFO: [Timing 38-35] Done setting XDC timing constraints. [/home/maniek/Vivado/audio-effect-box/audio-effect-box.srcs/sources_1/bd/audio_processing/ip/audio_processing_clk_wiz_0_0/audio_processing_clk_wiz_0_0.xdc:57]
INFO: [Timing 38-2] Deriving generated clocks [/home/maniek/Vivado/audio-effect-box/audio-effect-box.srcs/sources_1/bd/audio_processing/ip/audio_processing_clk_wiz_0_0/audio_processing_clk_wiz_0_0.xdc:57]
get_clocks: Time (s): cpu = 00:00:06 ; elapsed = 00:00:05 . Memory (MB): peak = 2641.133 ; gain = 530.594 ; free physical = 1958 ; free virtual = 18391
Finished Parsing XDC File [/home/maniek/Vivado/audio-effect-box/audio-effect-box.srcs/sources_1/bd/audio_processing/ip/audio_processing_clk_wiz_0_0/audio_processing_clk_wiz_0_0.xdc] for cell 'audio_processing_i/clk_wiz_0/inst'
Parsing XDC File [/home/maniek/Vivado/audio-effect-box/audio-effect-box.srcs/sources_1/bd/audio_processing/ip/audio_processing_processing_system7_0_0/audio_processing_processing_system7_0_0.xdc] for cell 'audio_processing_i/processing_system7_0/inst'
Finished Parsing XDC File [/home/maniek/Vivado/audio-effect-box/audio-effect-box.srcs/sources_1/bd/audio_processing/ip/audio_processing_processing_system7_0_0/audio_processing_processing_system7_0_0.xdc] for cell 'audio_processing_i/processing_system7_0/inst'
Parsing XDC File [/home/maniek/Vivado/audio-effect-box/audio-effect-box.srcs/sources_1/bd/audio_processing/ip/audio_processing_rst_ps7_0_50M_0/audio_processing_rst_ps7_0_50M_0_board.xdc] for cell 'audio_processing_i/rst_ps7_0_50M/U0'
Finished Parsing XDC File [/home/maniek/Vivado/audio-effect-box/audio-effect-box.srcs/sources_1/bd/audio_processing/ip/audio_processing_rst_ps7_0_50M_0/audio_processing_rst_ps7_0_50M_0_board.xdc] for cell 'audio_processing_i/rst_ps7_0_50M/U0'
Parsing XDC File [/home/maniek/Vivado/audio-effect-box/audio-effect-box.srcs/sources_1/bd/audio_processing/ip/audio_processing_rst_ps7_0_50M_0/audio_processing_rst_ps7_0_50M_0.xdc] for cell 'audio_processing_i/rst_ps7_0_50M/U0'
Finished Parsing XDC File [/home/maniek/Vivado/audio-effect-box/audio-effect-box.srcs/sources_1/bd/audio_processing/ip/audio_processing_rst_ps7_0_50M_0/audio_processing_rst_ps7_0_50M_0.xdc] for cell 'audio_processing_i/rst_ps7_0_50M/U0'
Parsing XDC File [/home/maniek/Vivado/audio-effect-box/audio-effect-box.srcs/sources_1/bd/audio_processing/ip/audio_processing_axi_gpio_0_0/audio_processing_axi_gpio_0_0_board.xdc] for cell 'audio_processing_i/effect_control/U0'
Finished Parsing XDC File [/home/maniek/Vivado/audio-effect-box/audio-effect-box.srcs/sources_1/bd/audio_processing/ip/audio_processing_axi_gpio_0_0/audio_processing_axi_gpio_0_0_board.xdc] for cell 'audio_processing_i/effect_control/U0'
Parsing XDC File [/home/maniek/Vivado/audio-effect-box/audio-effect-box.srcs/sources_1/bd/audio_processing/ip/audio_processing_axi_gpio_0_0/audio_processing_axi_gpio_0_0.xdc] for cell 'audio_processing_i/effect_control/U0'
Finished Parsing XDC File [/home/maniek/Vivado/audio-effect-box/audio-effect-box.srcs/sources_1/bd/audio_processing/ip/audio_processing_axi_gpio_0_0/audio_processing_axi_gpio_0_0.xdc] for cell 'audio_processing_i/effect_control/U0'
Parsing XDC File [/home/maniek/Vivado/audio-effect-box/audio-effect-box.srcs/sources_1/bd/audio_processing/ip/audio_processing_axi_gpio_0_1/audio_processing_axi_gpio_0_1_board.xdc] for cell 'audio_processing_i/gpio_buttons/U0'
Finished Parsing XDC File [/home/maniek/Vivado/audio-effect-box/audio-effect-box.srcs/sources_1/bd/audio_processing/ip/audio_processing_axi_gpio_0_1/audio_processing_axi_gpio_0_1_board.xdc] for cell 'audio_processing_i/gpio_buttons/U0'
Parsing XDC File [/home/maniek/Vivado/audio-effect-box/audio-effect-box.srcs/sources_1/bd/audio_processing/ip/audio_processing_axi_gpio_0_1/audio_processing_axi_gpio_0_1.xdc] for cell 'audio_processing_i/gpio_buttons/U0'
Finished Parsing XDC File [/home/maniek/Vivado/audio-effect-box/audio-effect-box.srcs/sources_1/bd/audio_processing/ip/audio_processing_axi_gpio_0_1/audio_processing_axi_gpio_0_1.xdc] for cell 'audio_processing_i/gpio_buttons/U0'
Parsing XDC File [/home/maniek/git/audio-processing/pl/src/constraints/audio-effect-box.xdc]
Finished Parsing XDC File [/home/maniek/git/audio-processing/pl/src/constraints/audio-effect-box.xdc]
INFO: [Opt 31-138] Pushed 0 inverter(s) to 0 load pin(s).
Netlist sorting complete. Time (s): cpu = 00:00:00 ; elapsed = 00:00:00.01 . Memory (MB): peak = 2858.238 ; gain = 0.000 ; free physical = 1984 ; free virtual = 18417
INFO: [Project 1-111] Unisim Transformation Summary:
No Unisim elements were transformed.

31 Infos, 2 Warnings, 0 Critical Warnings and 0 Errors encountered.
link_design completed successfully
link_design: Time (s): cpu = 00:00:24 ; elapsed = 00:00:15 . Memory (MB): peak = 2858.238 ; gain = 867.086 ; free physical = 1991 ; free virtual = 18424
Command: opt_design
Attempting to get a license for feature 'Implementation' and/or device 'xc7z020'
INFO: [Common 17-349] Got license for feature 'Implementation' and/or device 'xc7z020'
Running DRC as a precondition to command opt_design

Starting DRC Task
INFO: [DRC 23-27] Running DRC with 8 threads
INFO: [Project 1-461] DRC finished with 0 Errors
INFO: [Project 1-462] Please refer to the DRC report (report_drc) for more information.

Time (s): cpu = 00:00:01 ; elapsed = 00:00:00.84 . Memory (MB): peak = 2858.238 ; gain = 0.000 ; free physical = 1981 ; free virtual = 18415

Starting Cache Timing Information Task
INFO: [Timing 38-35] Done setting XDC timing constraints.
Ending Cache Timing Information Task | Checksum: 287f06700

Time (s): cpu = 00:00:00.68 ; elapsed = 00:00:00.24 . Memory (MB): peak = 2858.238 ; gain = 0.000 ; free physical = 1977 ; free virtual = 18410

Starting Logic Optimization Task

Phase 1 Retarget
INFO: [Opt 31-138] Pushed 2 inverter(s) to 49 load pin(s).
INFO: [Opt 31-49] Retargeted 0 cell(s).
Phase 1 Retarget | Checksum: 1286bdd5d

Time (s): cpu = 00:00:00.55 ; elapsed = 00:00:00.26 . Memory (MB): peak = 2858.238 ; gain = 0.000 ; free physical = 1898 ; free virtual = 18331
INFO: [Opt 31-389] Phase Retarget created 8 cells and removed 42 cells
INFO: [Opt 31-1021] In phase Retarget, 6 netlist objects are constrained preventing optimization. Please run opt_design with -debug_log to get more detail. 

Phase 2 Constant propagation
INFO: [Opt 31-138] Pushed 0 inverter(s) to 0 load pin(s).
Phase 2 Constant propagation | Checksum: 13c6a31ba

Time (s): cpu = 00:00:00.64 ; elapsed = 00:00:00.35 . Memory (MB): peak = 2858.238 ; gain = 0.000 ; free physical = 1897 ; free virtual = 18330
INFO: [Opt 31-389] Phase Constant propagation created 36 cells and removed 81 cells
INFO: [Opt 31-1021] In phase Constant propagation, 1 netlist objects are constrained preventing optimization. Please run opt_design with -debug_log to get more detail. 

Phase 3 Sweep
Phase 3 Sweep | Checksum: 138226bf5

Time (s): cpu = 00:00:01 ; elapsed = 00:00:00.71 . Memory (MB): peak = 2858.238 ; gain = 0.000 ; free physical = 1896 ; free virtual = 18329
INFO: [Opt 31-389] Phase Sweep created 0 cells and removed 209 cells
INFO: [Opt 31-1021] In phase Sweep, 155 netlist objects are constrained preventing optimization. Please run opt_design with -debug_log to get more detail. 

Phase 4 BUFG optimization
INFO: [Opt 31-194] Inserted BUFG audio_processing_i/clk_wiz_0/inst/clk_out1_audio_processing_clk_wiz_0_0_BUFG_inst to drive 0 load(s) on clock net audio_processing_i/clk_wiz_0/inst/clk_out1_audio_processing_clk_wiz_0_0_BUFG
INFO: [Opt 31-193] Inserted 1 BUFG(s) on clock nets
Phase 4 BUFG optimization | Checksum: 1bbea3e64

Time (s): cpu = 00:00:01 ; elapsed = 00:00:00.79 . Memory (MB): peak = 2858.238 ; gain = 0.000 ; free physical = 1896 ; free virtual = 18329
INFO: [Opt 31-662] Phase BUFG optimization created 0 cells of which 0 are BUFGs and removed 0 cells.

Phase 5 Shift Register Optimization
Phase 5 Shift Register Optimization | Checksum: 223e5c3e5

Time (s): cpu = 00:00:02 ; elapsed = 00:00:01 . Memory (MB): peak = 2858.238 ; gain = 0.000 ; free physical = 1895 ; free virtual = 18327
INFO: [Opt 31-389] Phase Shift Register Optimization created 0 cells and removed 0 cells

Phase 6 Post Processing Netlist
Phase 6 Post Processing Netlist | Checksum: 2070be9dd

Time (s): cpu = 00:00:02 ; elapsed = 00:00:01 . Memory (MB): peak = 2858.238 ; gain = 0.000 ; free physical = 1895 ; free virtual = 18327
INFO: [Opt 31-389] Phase Post Processing Netlist created 0 cells and removed 0 cells
Opt_design Change Summary
=========================


-------------------------------------------------------------------------------------------------------------------------
|  Phase                        |  #Cells created  |  #Cells Removed  |  #Constrained objects preventing optimizations  |
-------------------------------------------------------------------------------------------------------------------------
|  Retarget                     |               8  |              42  |                                              6  |
|  Constant propagation         |              36  |              81  |                                              1  |
|  Sweep                        |               0  |             209  |                                            155  |
|  BUFG optimization            |               0  |               0  |                                              0  |
|  Shift Register Optimization  |               0  |               0  |                                              0  |
|  Post Processing Netlist      |               0  |               0  |                                              0  |
-------------------------------------------------------------------------------------------------------------------------



Starting Connectivity Check Task

Time (s): cpu = 00:00:00.01 ; elapsed = 00:00:00.01 . Memory (MB): peak = 2858.238 ; gain = 0.000 ; free physical = 1895 ; free virtual = 18327
Ending Logic Optimization Task | Checksum: 16cc89b8d

Time (s): cpu = 00:00:02 ; elapsed = 00:00:01 . Memory (MB): peak = 2858.238 ; gain = 0.000 ; free physical = 1895 ; free virtual = 18327

Starting Power Optimization Task
INFO: [Pwropt 34-132] Skipping clock gating for clocks with a period < 2.00 ns.
INFO: [Timing 38-35] Done setting XDC timing constraints.
INFO: [Physopt 32-619] Estimated Timing Summary | WNS=1.844 | TNS=0.000 |
Running Vector-less Activity Propagation...
INFO: [Pwropt 34-9] Applying IDT optimizations ...
INFO: [Pwropt 34-10] Applying ODC optimizations ...

Finished Running Vector-less Activity Propagation


Starting PowerOpt Patch Enables Task
INFO: [Pwropt 34-162] WRITE_MODE attribute of 0 BRAM(s) out of a total of 49 has been updated to save power. Run report_power_opt to get a complete listing of the BRAMs updated.
INFO: [Pwropt 34-201] Structural ODC has moved 0 WE to EN ports
Number of BRAM Ports augmented: 24 newly gated: 0 Total Ports: 98
Number of Flops added for Enable Generation: 3

Ending PowerOpt Patch Enables Task | Checksum: 2b575203a

Time (s): cpu = 00:00:00.14 ; elapsed = 00:00:00.13 . Memory (MB): peak = 3105.520 ; gain = 0.000 ; free physical = 1808 ; free virtual = 18264
Ending Power Optimization Task | Checksum: 2b575203a

Time (s): cpu = 00:00:06 ; elapsed = 00:00:03 . Memory (MB): peak = 3105.520 ; gain = 247.281 ; free physical = 1823 ; free virtual = 18279

Starting Final Cleanup Task

Starting Logic Optimization Task
INFO: [Timing 38-35] Done setting XDC timing constraints.
INFO: [Opt 31-194] Inserted BUFG audio_processing_i/clk_wiz_0/inst/clk_out1_audio_processing_clk_wiz_0_0_BUFG_inst to drive 0 load(s) on clock net audio_processing_i/clk_wiz_0/inst/clk_out1_audio_processing_clk_wiz_0_0_BUFG
INFO: [Opt 31-193] Inserted 1 BUFG(s) on clock nets
Ending Logic Optimization Task | Checksum: 1f4200bc2

Time (s): cpu = 00:00:01 ; elapsed = 00:00:00.46 . Memory (MB): peak = 3105.520 ; gain = 0.000 ; free physical = 1808 ; free virtual = 18264
Ending Final Cleanup Task | Checksum: 1f4200bc2

Time (s): cpu = 00:00:02 ; elapsed = 00:00:01 . Memory (MB): peak = 3105.520 ; gain = 0.000 ; free physical = 1808 ; free virtual = 18264

Starting Netlist Obfuscation Task
Netlist sorting complete. Time (s): cpu = 00:00:00 ; elapsed = 00:00:00 . Memory (MB): peak = 3105.520 ; gain = 0.000 ; free physical = 1808 ; free virtual = 18264
Ending Netlist Obfuscation Task | Checksum: 1f4200bc2

Time (s): cpu = 00:00:00 ; elapsed = 00:00:00 . Memory (MB): peak = 3105.520 ; gain = 0.000 ; free physical = 1808 ; free virtual = 18264
INFO: [Common 17-83] Releasing license: Implementation
61 Infos, 2 Warnings, 0 Critical Warnings and 0 Errors encountered.
opt_design completed successfully
opt_design: Time (s): cpu = 00:00:12 ; elapsed = 00:00:07 . Memory (MB): peak = 3105.520 ; gain = 247.281 ; free physical = 1808 ; free virtual = 18264
Netlist sorting complete. Time (s): cpu = 00:00:00 ; elapsed = 00:00:00 . Memory (MB): peak = 3105.520 ; gain = 0.000 ; free physical = 1808 ; free virtual = 18264
INFO: [Timing 38-480] Writing timing data to binary archive.
Writing placer database...
Writing XDEF routing.
Writing XDEF routing logical nets.
Writing XDEF routing special nets.
Write XDEF Complete: Time (s): cpu = 00:00:00.07 ; elapsed = 00:00:00.01 . Memory (MB): peak = 3105.520 ; gain = 0.000 ; free physical = 1807 ; free virtual = 18264
Netlist sorting complete. Time (s): cpu = 00:00:00 ; elapsed = 00:00:00 . Memory (MB): peak = 3105.520 ; gain = 0.000 ; free physical = 1806 ; free virtual = 18264
INFO: [Common 17-1381] The checkpoint '/home/maniek/Vivado/audio-effect-box/audio-effect-box.runs/impl_1/audio_processing_wrapper_opt.dcp' has been generated.
INFO: [runtcl-4] Executing : report_drc -file audio_processing_wrapper_drc_opted.rpt -pb audio_processing_wrapper_drc_opted.pb -rpx audio_processing_wrapper_drc_opted.rpx
Command: report_drc -file audio_processing_wrapper_drc_opted.rpt -pb audio_processing_wrapper_drc_opted.pb -rpx audio_processing_wrapper_drc_opted.rpx
INFO: [IP_Flow 19-1839] IP Catalog is up to date.
INFO: [DRC 23-27] Running DRC with 8 threads
WARNING: [Designutils 20-3303] unexpected site type 'IOPAD' in HDPYFinalizeIO
WARNING: [Designutils 20-3303] unexpected site type 'IOPAD' in HDPYFinalizeIO
WARNING: [Designutils 20-3303] unexpected site type 'IOPAD' in HDPYFinalizeIO
WARNING: [Designutils 20-3303] unexpected site type 'IOPAD' in HDPYFinalizeIO
WARNING: [Designutils 20-3303] unexpected site type 'IOPAD' in HDPYFinalizeIO
WARNING: [Designutils 20-3303] unexpected site type 'IOPAD' in HDPYFinalizeIO
WARNING: [Designutils 20-3303] unexpected site type 'IOPAD' in HDPYFinalizeIO
WARNING: [Designutils 20-3303] unexpected site type 'IOPAD' in HDPYFinalizeIO
WARNING: [Designutils 20-3303] unexpected site type 'IOPAD' in HDPYFinalizeIO
WARNING: [Designutils 20-3303] unexpected site type 'IOPAD' in HDPYFinalizeIO
WARNING: [Designutils 20-3303] unexpected site type 'IOPAD' in HDPYFinalizeIO
WARNING: [Designutils 20-3303] unexpected site type 'IOPAD' in HDPYFinalizeIO
WARNING: [Designutils 20-3303] unexpected site type 'IOPAD' in HDPYFinalizeIO
WARNING: [Designutils 20-3303] unexpected site type 'IOPAD' in HDPYFinalizeIO
WARNING: [Designutils 20-3303] unexpected site type 'IOPAD' in HDPYFinalizeIO
WARNING: [Designutils 20-3303] unexpected site type 'IOPAD' in HDPYFinalizeIO
WARNING: [Designutils 20-3303] unexpected site type 'IOPAD' in HDPYFinalizeIO
WARNING: [Designutils 20-3303] unexpected site type 'IOPAD' in HDPYFinalizeIO
WARNING: [Designutils 20-3303] unexpected site type 'IOPAD' in HDPYFinalizeIO
WARNING: [Designutils 20-3303] unexpected site type 'IOPAD' in HDPYFinalizeIO
WARNING: [Designutils 20-3303] unexpected site type 'IOPAD' in HDPYFinalizeIO
WARNING: [Designutils 20-3303] unexpected site type 'IOPAD' in HDPYFinalizeIO
WARNING: [Designutils 20-3303] unexpected site type 'IOPAD' in HDPYFinalizeIO
WARNING: [Designutils 20-3303] unexpected site type 'IOPAD' in HDPYFinalizeIO
WARNING: [Designutils 20-3303] unexpected site type 'IOPAD' in HDPYFinalizeIO
WARNING: [Designutils 20-3303] unexpected site type 'IOPAD' in HDPYFinalizeIO
WARNING: [Designutils 20-3303] unexpected site type 'IOPAD' in HDPYFinalizeIO
WARNING: [Designutils 20-3303] unexpected site type 'IOPAD' in HDPYFinalizeIO
WARNING: [Designutils 20-3303] unexpected site type 'IOPAD' in HDPYFinalizeIO
WARNING: [Designutils 20-3303] unexpected site type 'IOPAD' in HDPYFinalizeIO
WARNING: [Designutils 20-3303] unexpected site type 'IOPAD' in HDPYFinalizeIO
WARNING: [Designutils 20-3303] unexpected site type 'IOPAD' in HDPYFinalizeIO
WARNING: [Designutils 20-3303] unexpected site type 'IOPAD' in HDPYFinalizeIO
WARNING: [Designutils 20-3303] unexpected site type 'IOPAD' in HDPYFinalizeIO
WARNING: [Designutils 20-3303] unexpected site type 'IOPAD' in HDPYFinalizeIO
WARNING: [Designutils 20-3303] unexpected site type 'IOPAD' in HDPYFinalizeIO
WARNING: [Designutils 20-3303] unexpected site type 'IOPAD' in HDPYFinalizeIO
WARNING: [Designutils 20-3303] unexpected site type 'IOPAD' in HDPYFinalizeIO
WARNING: [Designutils 20-3303] unexpected site type 'IOPAD' in HDPYFinalizeIO
WARNING: [Designutils 20-3303] unexpected site type 'IOPAD' in HDPYFinalizeIO
WARNING: [Designutils 20-3303] unexpected site type 'IOPAD' in HDPYFinalizeIO
WARNING: [Designutils 20-3303] unexpected site type 'IOPAD' in HDPYFinalizeIO
WARNING: [Designutils 20-3303] unexpected site type 'IOPAD' in HDPYFinalizeIO
WARNING: [Designutils 20-3303] unexpected site type 'IOPAD' in HDPYFinalizeIO
WARNING: [Designutils 20-3303] unexpected site type 'IOPAD' in HDPYFinalizeIO
WARNING: [Designutils 20-3303] unexpected site type 'IOPAD' in HDPYFinalizeIO
WARNING: [Designutils 20-3303] unexpected site type 'IOPAD' in HDPYFinalizeIO
WARNING: [Designutils 20-3303] unexpected site type 'IOPAD' in HDPYFinalizeIO
WARNING: [Designutils 20-3303] unexpected site type 'IOPAD' in HDPYFinalizeIO
WARNING: [Designutils 20-3303] unexpected site type 'IOPAD' in HDPYFinalizeIO
WARNING: [Designutils 20-3303] unexpected site type 'IOPAD' in HDPYFinalizeIO
WARNING: [Designutils 20-3303] unexpected site type 'IOPAD' in HDPYFinalizeIO
WARNING: [Designutils 20-3303] unexpected site type 'IOPAD' in HDPYFinalizeIO
WARNING: [Designutils 20-3303] unexpected site type 'IOPAD' in HDPYFinalizeIO
WARNING: [Designutils 20-3303] unexpected site type 'IOPAD' in HDPYFinalizeIO
WARNING: [Designutils 20-3303] unexpected site type 'IOPAD' in HDPYFinalizeIO
WARNING: [Designutils 20-3303] unexpected site type 'IOPAD' in HDPYFinalizeIO
WARNING: [Designutils 20-3303] unexpected site type 'IOPAD' in HDPYFinalizeIO
WARNING: [Designutils 20-3303] unexpected site type 'IOPAD' in HDPYFinalizeIO
WARNING: [Designutils 20-3303] unexpected site type 'IOPAD' in HDPYFinalizeIO
WARNING: [Designutils 20-3303] unexpected site type 'IOPAD' in HDPYFinalizeIO
WARNING: [Designutils 20-3303] unexpected site type 'IOPAD' in HDPYFinalizeIO
WARNING: [Designutils 20-3303] unexpected site type 'IOPAD' in HDPYFinalizeIO
WARNING: [Designutils 20-3303] unexpected site type 'IOPAD' in HDPYFinalizeIO
WARNING: [Designutils 20-3303] unexpected site type 'IOPAD' in HDPYFinalizeIO
WARNING: [Designutils 20-3303] unexpected site type 'IOPAD' in HDPYFinalizeIO
WARNING: [Designutils 20-3303] unexpected site type 'IOPAD' in HDPYFinalizeIO
WARNING: [Designutils 20-3303] unexpected site type 'IOPAD' in HDPYFinalizeIO
WARNING: [Designutils 20-3303] unexpected site type 'IOPAD' in HDPYFinalizeIO
WARNING: [Designutils 20-3303] unexpected site type 'IOPAD' in HDPYFinalizeIO
WARNING: [Designutils 20-3303] unexpected site type 'IOPAD' in HDPYFinalizeIO
WARNING: [Designutils 20-3303] unexpected site type 'IOPAD' in HDPYFinalizeIO
WARNING: [Designutils 20-3303] unexpected site type 'IOPAD' in HDPYFinalizeIO
WARNING: [Designutils 20-3303] unexpected site type 'IOPAD' in HDPYFinalizeIO
WARNING: [Designutils 20-3303] unexpected site type 'IOPAD' in HDPYFinalizeIO
WARNING: [Designutils 20-3303] unexpected site type 'IOPAD' in HDPYFinalizeIO
WARNING: [Designutils 20-3303] unexpected site type 'IOPAD' in HDPYFinalizeIO
WARNING: [Designutils 20-3303] unexpected site type 'IOPAD' in HDPYFinalizeIO
WARNING: [Designutils 20-3303] unexpected site type 'IOPAD' in HDPYFinalizeIO
WARNING: [Designutils 20-3303] unexpected site type 'IOPAD' in HDPYFinalizeIO
WARNING: [Designutils 20-3303] unexpected site type 'IOPAD' in HDPYFinalizeIO
WARNING: [Designutils 20-3303] unexpected site type 'IOPAD' in HDPYFinalizeIO
WARNING: [Designutils 20-3303] unexpected site type 'IOPAD' in HDPYFinalizeIO
WARNING: [Designutils 20-3303] unexpected site type 'IOPAD' in HDPYFinalizeIO
WARNING: [Designutils 20-3303] unexpected site type 'IOPAD' in HDPYFinalizeIO
WARNING: [Designutils 20-3303] unexpected site type 'IOPAD' in HDPYFinalizeIO
WARNING: [Designutils 20-3303] unexpected site type 'IOPAD' in HDPYFinalizeIO
WARNING: [Designutils 20-3303] unexpected site type 'IOPAD' in HDPYFinalizeIO
WARNING: [Designutils 20-3303] unexpected site type 'IOPAD' in HDPYFinalizeIO
WARNING: [Designutils 20-3303] unexpected site type 'IOPAD' in HDPYFinalizeIO
WARNING: [Designutils 20-3303] unexpected site type 'IOPAD' in HDPYFinalizeIO
WARNING: [Designutils 20-3303] unexpected site type 'IOPAD' in HDPYFinalizeIO
WARNING: [Designutils 20-3303] unexpected site type 'IOPAD' in HDPYFinalizeIO
WARNING: [Designutils 20-3303] unexpected site type 'IOPAD' in HDPYFinalizeIO
WARNING: [Designutils 20-3303] unexpected site type 'IOPAD' in HDPYFinalizeIO
WARNING: [Designutils 20-3303] unexpected site type 'IOPAD' in HDPYFinalizeIO
WARNING: [Designutils 20-3303] unexpected site type 'IOPAD' in HDPYFinalizeIO
WARNING: [Designutils 20-3303] unexpected site type 'IOPAD' in HDPYFinalizeIO
WARNING: [Designutils 20-3303] unexpected site type 'IOPAD' in HDPYFinalizeIO
WARNING: [Designutils 20-3303] unexpected site type 'IOPAD' in HDPYFinalizeIO
INFO: [Common 17-14] Message 'Designutils 20-3303' appears 100 times and further instances of the messages will be disabled. Use the Tcl command set_msg_config to change the current settings.
INFO: [Coretcl 2-168] The results of DRC are in file /home/maniek/Vivado/audio-effect-box/audio-effect-box.runs/impl_1/audio_processing_wrapper_drc_opted.rpt.
report_drc completed successfully
Command: place_design
Attempting to get a license for feature 'Implementation' and/or device 'xc7z020'
INFO: [Common 17-349] Got license for feature 'Implementation' and/or device 'xc7z020'
INFO: [DRC 23-27] Running DRC with 8 threads
INFO: [Vivado_Tcl 4-198] DRC finished with 0 Errors
INFO: [Vivado_Tcl 4-199] Please refer to the DRC report (report_drc) for more information.
Running DRC as a precondition to command place_design
INFO: [DRC 23-27] Running DRC with 8 threads
INFO: [Vivado_Tcl 4-198] DRC finished with 0 Errors
INFO: [Vivado_Tcl 4-199] Please refer to the DRC report (report_drc) for more information.

Starting Placer Task
INFO: [Place 30-611] Multithreading enabled for place_design using a maximum of 8 CPUs

Phase 1 Placer Initialization

Phase 1.1 Placer Initialization Netlist Sorting
Netlist sorting complete. Time (s): cpu = 00:00:00 ; elapsed = 00:00:00.01 . Memory (MB): peak = 3105.520 ; gain = 0.000 ; free physical = 1817 ; free virtual = 18271
Phase 1.1 Placer Initialization Netlist Sorting | Checksum: 1e271c8f4

Time (s): cpu = 00:00:00.01 ; elapsed = 00:00:00.01 . Memory (MB): peak = 3105.520 ; gain = 0.000 ; free physical = 1817 ; free virtual = 18271
Netlist sorting complete. Time (s): cpu = 00:00:00 ; elapsed = 00:00:00 . Memory (MB): peak = 3105.520 ; gain = 0.000 ; free physical = 1817 ; free virtual = 18271

Phase 1.2 IO Placement/ Clock Placement/ Build Placer Device
INFO: [Timing 38-35] Done setting XDC timing constraints.
Phase 1.2 IO Placement/ Clock Placement/ Build Placer Device | Checksum: e9443f65

Time (s): cpu = 00:00:02 ; elapsed = 00:00:00.85 . Memory (MB): peak = 3105.520 ; gain = 0.000 ; free physical = 1815 ; free virtual = 18270

Phase 1.3 Build Placer Netlist Model
Phase 1.3 Build Placer Netlist Model | Checksum: 4b183160

Time (s): cpu = 00:00:04 ; elapsed = 00:00:02 . Memory (MB): peak = 3105.520 ; gain = 0.000 ; free physical = 1833 ; free virtual = 18289

Phase 1.4 Constrain Clocks/Macros
Phase 1.4 Constrain Clocks/Macros | Checksum: 4b183160

Time (s): cpu = 00:00:04 ; elapsed = 00:00:02 . Memory (MB): peak = 3105.520 ; gain = 0.000 ; free physical = 1833 ; free virtual = 18289
Phase 1 Placer Initialization | Checksum: 4b183160

Time (s): cpu = 00:00:04 ; elapsed = 00:00:02 . Memory (MB): peak = 3105.520 ; gain = 0.000 ; free physical = 1833 ; free virtual = 18289

Phase 2 Global Placement

Phase 2.1 Floorplanning
Phase 2.1 Floorplanning | Checksum: 63f38b16

Time (s): cpu = 00:00:04 ; elapsed = 00:00:02 . Memory (MB): peak = 3105.520 ; gain = 0.000 ; free physical = 1835 ; free virtual = 18271

Phase 2.2 Physical Synthesis In Placer
INFO: [Physopt 32-65] No nets found for high-fanout optimization.
INFO: [Physopt 32-232] Optimized 0 net. Created 0 new instance.
INFO: [Physopt 32-775] End 1 Pass. Optimized 0 net or cell. Created 0 new cell, deleted 0 existing cell and moved 0 existing cell
INFO: [Physopt 32-670] No setup violation found.  DSP Register Optimization was not performed.
INFO: [Physopt 32-670] No setup violation found.  Shift Register Optimization was not performed.
INFO: [Physopt 32-670] No setup violation found.  BRAM Register Optimization was not performed.
INFO: [Physopt 32-949] No candidate nets found for HD net replication
INFO: [Physopt 32-775] End 1 Pass. Optimized 0 net or cell. Created 0 new cell, deleted 0 existing cell and moved 0 existing cell
Netlist sorting complete. Time (s): cpu = 00:00:00 ; elapsed = 00:00:00 . Memory (MB): peak = 3105.520 ; gain = 0.000 ; free physical = 1791 ; free virtual = 18249

Summary of Physical Synthesis Optimizations
============================================


----------------------------------------------------------------------------------------------------------------------------------------
|  Optimization                  |  Added Cells  |  Removed Cells  |  Optimized Cells/Nets  |  Dont Touch  |  Iterations  |  Elapsed   |
----------------------------------------------------------------------------------------------------------------------------------------
|  Very High Fanout              |            0  |              0  |                     0  |           0  |           1  |  00:00:00  |
|  DSP Register                  |            0  |              0  |                     0  |           0  |           0  |  00:00:00  |
|  Shift Register                |            0  |              0  |                     0  |           0  |           0  |  00:00:00  |
|  BRAM Register                 |            0  |              0  |                     0  |           0  |           0  |  00:00:00  |
|  HD Interface Net Replication  |            0  |              0  |                     0  |           0  |           1  |  00:00:00  |
|  Total                         |            0  |              0  |                     0  |           0  |           2  |  00:00:00  |
----------------------------------------------------------------------------------------------------------------------------------------


Phase 2.2 Physical Synthesis In Placer | Checksum: 1b84eb467

Time (s): cpu = 00:00:19 ; elapsed = 00:00:05 . Memory (MB): peak = 3105.520 ; gain = 0.000 ; free physical = 1818 ; free virtual = 18277
Phase 2 Global Placement | Checksum: 107ab43a1

Time (s): cpu = 00:00:19 ; elapsed = 00:00:06 . Memory (MB): peak = 3105.520 ; gain = 0.000 ; free physical = 1824 ; free virtual = 18282

Phase 3 Detail Placement

Phase 3.1 Commit Multi Column Macros
Phase 3.1 Commit Multi Column Macros | Checksum: 107ab43a1

Time (s): cpu = 00:00:20 ; elapsed = 00:00:06 . Memory (MB): peak = 3105.520 ; gain = 0.000 ; free physical = 1824 ; free virtual = 18282

Phase 3.2 Commit Most Macros & LUTRAMs
Phase 3.2 Commit Most Macros & LUTRAMs | Checksum: 202338637

Time (s): cpu = 00:00:21 ; elapsed = 00:00:06 . Memory (MB): peak = 3105.520 ; gain = 0.000 ; free physical = 1823 ; free virtual = 18281

Phase 3.3 Area Swap Optimization
Phase 3.3 Area Swap Optimization | Checksum: 12171c2b6

Time (s): cpu = 00:00:21 ; elapsed = 00:00:06 . Memory (MB): peak = 3105.520 ; gain = 0.000 ; free physical = 1823 ; free virtual = 18281

Phase 3.4 Pipeline Register Optimization
Phase 3.4 Pipeline Register Optimization | Checksum: 2068fe8b2

Time (s): cpu = 00:00:21 ; elapsed = 00:00:06 . Memory (MB): peak = 3105.520 ; gain = 0.000 ; free physical = 1823 ; free virtual = 18278

Phase 3.5 Small Shape Detail Placement
Phase 3.5 Small Shape Detail Placement | Checksum: 18dac19c9

Time (s): cpu = 00:00:23 ; elapsed = 00:00:07 . Memory (MB): peak = 3105.520 ; gain = 0.000 ; free physical = 1788 ; free virtual = 18246

Phase 3.6 Re-assign LUT pins
Phase 3.6 Re-assign LUT pins | Checksum: 11ef62399

Time (s): cpu = 00:00:23 ; elapsed = 00:00:07 . Memory (MB): peak = 3105.520 ; gain = 0.000 ; free physical = 1788 ; free virtual = 18246

Phase 3.7 Pipeline Register Optimization
Phase 3.7 Pipeline Register Optimization | Checksum: 192ec8c47

Time (s): cpu = 00:00:23 ; elapsed = 00:00:07 . Memory (MB): peak = 3105.520 ; gain = 0.000 ; free physical = 1788 ; free virtual = 18246
Phase 3 Detail Placement | Checksum: 192ec8c47

Time (s): cpu = 00:00:23 ; elapsed = 00:00:07 . Memory (MB): peak = 3105.520 ; gain = 0.000 ; free physical = 1788 ; free virtual = 18246

Phase 4 Post Placement Optimization and Clean-Up

Phase 4.1 Post Commit Optimization
INFO: [Timing 38-35] Done setting XDC timing constraints.

Phase 4.1.1 Post Placement Optimization
Post Placement Optimization Initialization | Checksum: 1b23f1582

Phase 4.1.1.1 BUFG Insertion
INFO: [Place 46-46] BUFG insertion identified 0 candidate nets, 0 success, 0 bufg driver replicated, 0 skipped for placement/routing, 0 skipped for timing, 0 skipped for netlist change reason
Phase 4.1.1.1 BUFG Insertion | Checksum: 1b23f1582

Time (s): cpu = 00:00:25 ; elapsed = 00:00:08 . Memory (MB): peak = 3105.520 ; gain = 0.000 ; free physical = 1781 ; free virtual = 18240
INFO: [Place 30-746] Post Placement Timing Summary WNS=1.015. For the most accurate timing information please run report_timing.
Phase 4.1.1 Post Placement Optimization | Checksum: 1cb3142c9

Time (s): cpu = 00:00:25 ; elapsed = 00:00:08 . Memory (MB): peak = 3105.520 ; gain = 0.000 ; free physical = 1781 ; free virtual = 18240
Phase 4.1 Post Commit Optimization | Checksum: 1cb3142c9

Time (s): cpu = 00:00:25 ; elapsed = 00:00:08 . Memory (MB): peak = 3105.520 ; gain = 0.000 ; free physical = 1781 ; free virtual = 18240

Phase 4.2 Post Placement Cleanup
Phase 4.2 Post Placement Cleanup | Checksum: 1cb3142c9

Time (s): cpu = 00:00:25 ; elapsed = 00:00:08 . Memory (MB): peak = 3105.520 ; gain = 0.000 ; free physical = 1781 ; free virtual = 18240

Phase 4.3 Placer Reporting
Phase 4.3 Placer Reporting | Checksum: 1cb3142c9

Time (s): cpu = 00:00:25 ; elapsed = 00:00:08 . Memory (MB): peak = 3105.520 ; gain = 0.000 ; free physical = 1781 ; free virtual = 18240

Phase 4.4 Final Placement Cleanup
Netlist sorting complete. Time (s): cpu = 00:00:00 ; elapsed = 00:00:00 . Memory (MB): peak = 3105.520 ; gain = 0.000 ; free physical = 1781 ; free virtual = 18240
Phase 4.4 Final Placement Cleanup | Checksum: 1c1989ba1

Time (s): cpu = 00:00:25 ; elapsed = 00:00:08 . Memory (MB): peak = 3105.520 ; gain = 0.000 ; free physical = 1781 ; free virtual = 18240
Phase 4 Post Placement Optimization and Clean-Up | Checksum: 1c1989ba1

Time (s): cpu = 00:00:25 ; elapsed = 00:00:08 . Memory (MB): peak = 3105.520 ; gain = 0.000 ; free physical = 1780 ; free virtual = 18239
Ending Placer Task | Checksum: 12e9a9fb9

Time (s): cpu = 00:00:25 ; elapsed = 00:00:08 . Memory (MB): peak = 3105.520 ; gain = 0.000 ; free physical = 1785 ; free virtual = 18244
INFO: [Common 17-83] Releasing license: Implementation
89 Infos, 102 Warnings, 0 Critical Warnings and 0 Errors encountered.
place_design completed successfully
place_design: Time (s): cpu = 00:00:27 ; elapsed = 00:00:09 . Memory (MB): peak = 3105.520 ; gain = 0.000 ; free physical = 1785 ; free virtual = 18244
Netlist sorting complete. Time (s): cpu = 00:00:00 ; elapsed = 00:00:00 . Memory (MB): peak = 3105.520 ; gain = 0.000 ; free physical = 1785 ; free virtual = 18244
INFO: [Timing 38-480] Writing timing data to binary archive.
Writing placer database...
Netlist sorting complete. Time (s): cpu = 00:00:00 ; elapsed = 00:00:00 . Memory (MB): peak = 3105.520 ; gain = 0.000 ; free physical = 1786 ; free virtual = 18249
Writing XDEF routing.
Writing XDEF routing logical nets.
Writing XDEF routing special nets.
Write XDEF Complete: Time (s): cpu = 00:00:01 ; elapsed = 00:00:00.33 . Memory (MB): peak = 3105.520 ; gain = 0.000 ; free physical = 1777 ; free virtual = 18247
INFO: [Common 17-1381] The checkpoint '/home/maniek/Vivado/audio-effect-box/audio-effect-box.runs/impl_1/audio_processing_wrapper_placed.dcp' has been generated.
INFO: [runtcl-4] Executing : report_io -file audio_processing_wrapper_io_placed.rpt
report_io: Time (s): cpu = 00:00:00.07 ; elapsed = 00:00:00.06 . Memory (MB): peak = 3105.520 ; gain = 0.000 ; free physical = 1820 ; free virtual = 18280
INFO: [runtcl-4] Executing : report_utilization -file audio_processing_wrapper_utilization_placed.rpt -pb audio_processing_wrapper_utilization_placed.pb
INFO: [runtcl-4] Executing : report_control_sets -verbose -file audio_processing_wrapper_control_sets_placed.rpt
report_control_sets: Time (s): cpu = 00:00:00.01 ; elapsed = 00:00:00.01 . Memory (MB): peak = 3105.520 ; gain = 0.000 ; free physical = 1818 ; free virtual = 18278
Command: route_design
Attempting to get a license for feature 'Implementation' and/or device 'xc7z020'
INFO: [Common 17-349] Got license for feature 'Implementation' and/or device 'xc7z020'
Running DRC as a precondition to command route_design
INFO: [DRC 23-27] Running DRC with 8 threads
WARNING: [Designutils 20-3303] unexpected site type 'IOPAD' in HDPYFinalizeIO
WARNING: [Designutils 20-3303] unexpected site type 'IOPAD' in HDPYFinalizeIO
WARNING: [Designutils 20-3303] unexpected site type 'IOPAD' in HDPYFinalizeIO
WARNING: [Designutils 20-3303] unexpected site type 'IOPAD' in HDPYFinalizeIO
WARNING: [Designutils 20-3303] unexpected site type 'IOPAD' in HDPYFinalizeIO
WARNING: [Designutils 20-3303] unexpected site type 'IOPAD' in HDPYFinalizeIO
WARNING: [Designutils 20-3303] unexpected site type 'IOPAD' in HDPYFinalizeIO
WARNING: [Designutils 20-3303] unexpected site type 'IOPAD' in HDPYFinalizeIO
WARNING: [Designutils 20-3303] unexpected site type 'IOPAD' in HDPYFinalizeIO
WARNING: [Designutils 20-3303] unexpected site type 'IOPAD' in HDPYFinalizeIO
WARNING: [Designutils 20-3303] unexpected site type 'IOPAD' in HDPYFinalizeIO
WARNING: [Designutils 20-3303] unexpected site type 'IOPAD' in HDPYFinalizeIO
WARNING: [Designutils 20-3303] unexpected site type 'IOPAD' in HDPYFinalizeIO
WARNING: [Designutils 20-3303] unexpected site type 'IOPAD' in HDPYFinalizeIO
WARNING: [Designutils 20-3303] unexpected site type 'IOPAD' in HDPYFinalizeIO
WARNING: [Designutils 20-3303] unexpected site type 'IOPAD' in HDPYFinalizeIO
WARNING: [Designutils 20-3303] unexpected site type 'IOPAD' in HDPYFinalizeIO
WARNING: [Designutils 20-3303] unexpected site type 'IOPAD' in HDPYFinalizeIO
WARNING: [Designutils 20-3303] unexpected site type 'IOPAD' in HDPYFinalizeIO
WARNING: [Designutils 20-3303] unexpected site type 'IOPAD' in HDPYFinalizeIO
WARNING: [Designutils 20-3303] unexpected site type 'IOPAD' in HDPYFinalizeIO
WARNING: [Designutils 20-3303] unexpected site type 'IOPAD' in HDPYFinalizeIO
WARNING: [Designutils 20-3303] unexpected site type 'IOPAD' in HDPYFinalizeIO
WARNING: [Designutils 20-3303] unexpected site type 'IOPAD' in HDPYFinalizeIO
WARNING: [Designutils 20-3303] unexpected site type 'IOPAD' in HDPYFinalizeIO
WARNING: [Designutils 20-3303] unexpected site type 'IOPAD' in HDPYFinalizeIO
WARNING: [Designutils 20-3303] unexpected site type 'IOPAD' in HDPYFinalizeIO
WARNING: [Designutils 20-3303] unexpected site type 'IOPAD' in HDPYFinalizeIO
WARNING: [Designutils 20-3303] unexpected site type 'IOPAD' in HDPYFinalizeIO
WARNING: [Designutils 20-3303] unexpected site type 'IOPAD' in HDPYFinalizeIO
WARNING: [Designutils 20-3303] unexpected site type 'IOPAD' in HDPYFinalizeIO
WARNING: [Designutils 20-3303] unexpected site type 'IOPAD' in HDPYFinalizeIO
WARNING: [Designutils 20-3303] unexpected site type 'IOPAD' in HDPYFinalizeIO
WARNING: [Designutils 20-3303] unexpected site type 'IOPAD' in HDPYFinalizeIO
WARNING: [Designutils 20-3303] unexpected site type 'IOPAD' in HDPYFinalizeIO
WARNING: [Designutils 20-3303] unexpected site type 'IOPAD' in HDPYFinalizeIO
WARNING: [Designutils 20-3303] unexpected site type 'IOPAD' in HDPYFinalizeIO
WARNING: [Designutils 20-3303] unexpected site type 'IOPAD' in HDPYFinalizeIO
WARNING: [Designutils 20-3303] unexpected site type 'IOPAD' in HDPYFinalizeIO
WARNING: [Designutils 20-3303] unexpected site type 'IOPAD' in HDPYFinalizeIO
WARNING: [Designutils 20-3303] unexpected site type 'IOPAD' in HDPYFinalizeIO
WARNING: [Designutils 20-3303] unexpected site type 'IOPAD' in HDPYFinalizeIO
WARNING: [Designutils 20-3303] unexpected site type 'IOPAD' in HDPYFinalizeIO
WARNING: [Designutils 20-3303] unexpected site type 'IOPAD' in HDPYFinalizeIO
WARNING: [Designutils 20-3303] unexpected site type 'IOPAD' in HDPYFinalizeIO
WARNING: [Designutils 20-3303] unexpected site type 'IOPAD' in HDPYFinalizeIO
WARNING: [Designutils 20-3303] unexpected site type 'IOPAD' in HDPYFinalizeIO
WARNING: [Designutils 20-3303] unexpected site type 'IOPAD' in HDPYFinalizeIO
WARNING: [Designutils 20-3303] unexpected site type 'IOPAD' in HDPYFinalizeIO
WARNING: [Designutils 20-3303] unexpected site type 'IOPAD' in HDPYFinalizeIO
WARNING: [Designutils 20-3303] unexpected site type 'IOPAD' in HDPYFinalizeIO
WARNING: [Designutils 20-3303] unexpected site type 'IOPAD' in HDPYFinalizeIO
WARNING: [Designutils 20-3303] unexpected site type 'IOPAD' in HDPYFinalizeIO
WARNING: [Designutils 20-3303] unexpected site type 'IOPAD' in HDPYFinalizeIO
WARNING: [Designutils 20-3303] unexpected site type 'IOPAD' in HDPYFinalizeIO
WARNING: [Designutils 20-3303] unexpected site type 'IOPAD' in HDPYFinalizeIO
WARNING: [Designutils 20-3303] unexpected site type 'IOPAD' in HDPYFinalizeIO
WARNING: [Designutils 20-3303] unexpected site type 'IOPAD' in HDPYFinalizeIO
WARNING: [Designutils 20-3303] unexpected site type 'IOPAD' in HDPYFinalizeIO
WARNING: [Designutils 20-3303] unexpected site type 'IOPAD' in HDPYFinalizeIO
WARNING: [Designutils 20-3303] unexpected site type 'IOPAD' in HDPYFinalizeIO
WARNING: [Designutils 20-3303] unexpected site type 'IOPAD' in HDPYFinalizeIO
WARNING: [Designutils 20-3303] unexpected site type 'IOPAD' in HDPYFinalizeIO
WARNING: [Designutils 20-3303] unexpected site type 'IOPAD' in HDPYFinalizeIO
WARNING: [Designutils 20-3303] unexpected site type 'IOPAD' in HDPYFinalizeIO
WARNING: [Designutils 20-3303] unexpected site type 'IOPAD' in HDPYFinalizeIO
WARNING: [Designutils 20-3303] unexpected site type 'IOPAD' in HDPYFinalizeIO
WARNING: [Designutils 20-3303] unexpected site type 'IOPAD' in HDPYFinalizeIO
WARNING: [Designutils 20-3303] unexpected site type 'IOPAD' in HDPYFinalizeIO
WARNING: [Designutils 20-3303] unexpected site type 'IOPAD' in HDPYFinalizeIO
WARNING: [Designutils 20-3303] unexpected site type 'IOPAD' in HDPYFinalizeIO
WARNING: [Designutils 20-3303] unexpected site type 'IOPAD' in HDPYFinalizeIO
WARNING: [Designutils 20-3303] unexpected site type 'IOPAD' in HDPYFinalizeIO
WARNING: [Designutils 20-3303] unexpected site type 'IOPAD' in HDPYFinalizeIO
WARNING: [Designutils 20-3303] unexpected site type 'IOPAD' in HDPYFinalizeIO
WARNING: [Designutils 20-3303] unexpected site type 'IOPAD' in HDPYFinalizeIO
WARNING: [Designutils 20-3303] unexpected site type 'IOPAD' in HDPYFinalizeIO
WARNING: [Designutils 20-3303] unexpected site type 'IOPAD' in HDPYFinalizeIO
WARNING: [Designutils 20-3303] unexpected site type 'IOPAD' in HDPYFinalizeIO
WARNING: [Designutils 20-3303] unexpected site type 'IOPAD' in HDPYFinalizeIO
WARNING: [Designutils 20-3303] unexpected site type 'IOPAD' in HDPYFinalizeIO
WARNING: [Designutils 20-3303] unexpected site type 'IOPAD' in HDPYFinalizeIO
WARNING: [Designutils 20-3303] unexpected site type 'IOPAD' in HDPYFinalizeIO
WARNING: [Designutils 20-3303] unexpected site type 'IOPAD' in HDPYFinalizeIO
WARNING: [Designutils 20-3303] unexpected site type 'IOPAD' in HDPYFinalizeIO
WARNING: [Designutils 20-3303] unexpected site type 'IOPAD' in HDPYFinalizeIO
WARNING: [Designutils 20-3303] unexpected site type 'IOPAD' in HDPYFinalizeIO
WARNING: [Designutils 20-3303] unexpected site type 'IOPAD' in HDPYFinalizeIO
WARNING: [Designutils 20-3303] unexpected site type 'IOPAD' in HDPYFinalizeIO
WARNING: [Designutils 20-3303] unexpected site type 'IOPAD' in HDPYFinalizeIO
WARNING: [Designutils 20-3303] unexpected site type 'IOPAD' in HDPYFinalizeIO
WARNING: [Designutils 20-3303] unexpected site type 'IOPAD' in HDPYFinalizeIO
WARNING: [Designutils 20-3303] unexpected site type 'IOPAD' in HDPYFinalizeIO
WARNING: [Designutils 20-3303] unexpected site type 'IOPAD' in HDPYFinalizeIO
WARNING: [Designutils 20-3303] unexpected site type 'IOPAD' in HDPYFinalizeIO
WARNING: [Designutils 20-3303] unexpected site type 'IOPAD' in HDPYFinalizeIO
WARNING: [Designutils 20-3303] unexpected site type 'IOPAD' in HDPYFinalizeIO
WARNING: [Designutils 20-3303] unexpected site type 'IOPAD' in HDPYFinalizeIO
WARNING: [Designutils 20-3303] unexpected site type 'IOPAD' in HDPYFinalizeIO
WARNING: [Designutils 20-3303] unexpected site type 'IOPAD' in HDPYFinalizeIO
INFO: [Common 17-14] Message 'Designutils 20-3303' appears 100 times and further instances of the messages will be disabled. Use the Tcl command set_msg_config to change the current settings.
INFO: [Vivado_Tcl 4-198] DRC finished with 0 Errors
INFO: [Vivado_Tcl 4-199] Please refer to the DRC report (report_drc) for more information.


Starting Routing Task
INFO: [Route 35-254] Multithreading enabled for route_design using a maximum of 8 CPUs
Checksum: PlaceDB: 8a549bef ConstDB: 0 ShapeSum: a44603ca RouteDB: 0

Phase 1 Build RT Design
Phase 1 Build RT Design | Checksum: 8fef1d6d

Time (s): cpu = 00:00:14 ; elapsed = 00:00:11 . Memory (MB): peak = 3105.520 ; gain = 0.000 ; free physical = 1651 ; free virtual = 18113
Post Restoration Checksum: NetGraph: 5036812d NumContArr: 3fb89c40 Constraints: 0 Timing: 0

Phase 2 Router Initialization

Phase 2.1 Create Timer
Phase 2.1 Create Timer | Checksum: 8fef1d6d

Time (s): cpu = 00:00:14 ; elapsed = 00:00:11 . Memory (MB): peak = 3105.520 ; gain = 0.000 ; free physical = 1624 ; free virtual = 18086

Phase 2.2 Fix Topology Constraints
Phase 2.2 Fix Topology Constraints | Checksum: 8fef1d6d

Time (s): cpu = 00:00:14 ; elapsed = 00:00:11 . Memory (MB): peak = 3105.520 ; gain = 0.000 ; free physical = 1592 ; free virtual = 18054

Phase 2.3 Pre Route Cleanup
Phase 2.3 Pre Route Cleanup | Checksum: 8fef1d6d

Time (s): cpu = 00:00:14 ; elapsed = 00:00:11 . Memory (MB): peak = 3105.520 ; gain = 0.000 ; free physical = 1592 ; free virtual = 18054
 Number of Nodes with overlaps = 0

Phase 2.4 Update Timing
Phase 2.4 Update Timing | Checksum: 129ec2e37

Time (s): cpu = 00:00:16 ; elapsed = 00:00:12 . Memory (MB): peak = 3105.520 ; gain = 0.000 ; free physical = 1555 ; free virtual = 18014
INFO: [Route 35-416] Intermediate Timing Summary | WNS=1.136  | TNS=0.000  | WHS=-0.189 | THS=-79.153|

Phase 2 Router Initialization | Checksum: 16c0f2a52

Time (s): cpu = 00:00:17 ; elapsed = 00:00:13 . Memory (MB): peak = 3105.520 ; gain = 0.000 ; free physical = 1557 ; free virtual = 18016

Phase 3 Initial Routing
Phase 3 Initial Routing | Checksum: 1657c4b3e

Time (s): cpu = 00:00:20 ; elapsed = 00:00:13 . Memory (MB): peak = 3105.520 ; gain = 0.000 ; free physical = 1554 ; free virtual = 18012

Phase 4 Rip-up And Reroute

Phase 4.1 Global Iteration 0
 Number of Nodes with overlaps = 845
 Number of Nodes with overlaps = 143
 Number of Nodes with overlaps = 45
 Number of Nodes with overlaps = 34
 Number of Nodes with overlaps = 22
 Number of Nodes with overlaps = 16
 Number of Nodes with overlaps = 6
 Number of Nodes with overlaps = 4
 Number of Nodes with overlaps = 0
INFO: [Route 35-416] Intermediate Timing Summary | WNS=0.754  | TNS=0.000  | WHS=N/A    | THS=N/A    |

Phase 4.1 Global Iteration 0 | Checksum: 199d8c83a

Time (s): cpu = 00:00:31 ; elapsed = 00:00:19 . Memory (MB): peak = 3105.520 ; gain = 0.000 ; free physical = 1585 ; free virtual = 18021
Phase 4 Rip-up And Reroute | Checksum: 199d8c83a

Time (s): cpu = 00:00:31 ; elapsed = 00:00:19 . Memory (MB): peak = 3105.520 ; gain = 0.000 ; free physical = 1585 ; free virtual = 18021

Phase 5 Delay and Skew Optimization

Phase 5.1 Delay CleanUp

Phase 5.1.1 Update Timing
Phase 5.1.1 Update Timing | Checksum: 1bba2c364

Time (s): cpu = 00:00:31 ; elapsed = 00:00:19 . Memory (MB): peak = 3105.520 ; gain = 0.000 ; free physical = 1585 ; free virtual = 18021
INFO: [Route 35-416] Intermediate Timing Summary | WNS=0.907  | TNS=0.000  | WHS=N/A    | THS=N/A    |

Phase 5.1 Delay CleanUp | Checksum: 1bba2c364

Time (s): cpu = 00:00:31 ; elapsed = 00:00:19 . Memory (MB): peak = 3105.520 ; gain = 0.000 ; free physical = 1585 ; free virtual = 18021

Phase 5.2 Clock Skew Optimization
Phase 5.2 Clock Skew Optimization | Checksum: 1bba2c364

Time (s): cpu = 00:00:31 ; elapsed = 00:00:19 . Memory (MB): peak = 3105.520 ; gain = 0.000 ; free physical = 1585 ; free virtual = 18021
Phase 5 Delay and Skew Optimization | Checksum: 1bba2c364

Time (s): cpu = 00:00:31 ; elapsed = 00:00:19 . Memory (MB): peak = 3105.520 ; gain = 0.000 ; free physical = 1585 ; free virtual = 18021

Phase 6 Post Hold Fix

Phase 6.1 Hold Fix Iter

Phase 6.1.1 Update Timing
Phase 6.1.1 Update Timing | Checksum: 18d7d9f1f

Time (s): cpu = 00:00:32 ; elapsed = 00:00:20 . Memory (MB): peak = 3105.520 ; gain = 0.000 ; free physical = 1558 ; free virtual = 17995
INFO: [Route 35-416] Intermediate Timing Summary | WNS=0.907  | TNS=0.000  | WHS=0.029  | THS=0.000  |

Phase 6.1 Hold Fix Iter | Checksum: 23289b92d

Time (s): cpu = 00:00:32 ; elapsed = 00:00:20 . Memory (MB): peak = 3105.520 ; gain = 0.000 ; free physical = 1558 ; free virtual = 17995
Phase 6 Post Hold Fix | Checksum: 23289b92d

Time (s): cpu = 00:00:32 ; elapsed = 00:00:20 . Memory (MB): peak = 3105.520 ; gain = 0.000 ; free physical = 1558 ; free virtual = 17995

Phase 7 Route finalize

Router Utilization Summary
  Global Vertical Routing Utilization    = 1.41105 %
  Global Horizontal Routing Utilization  = 1.69278 %
  Routable Net Status*
  *Does not include unroutable nets such as driverless and loadless.
  Run report_route_status for detailed report.
  Number of Failed Nets               = 0
  Number of Unrouted Nets             = 0
  Number of Partially Routed Nets     = 0
  Number of Node Overlaps             = 0

Phase 7 Route finalize | Checksum: 1d6463efd

Time (s): cpu = 00:00:32 ; elapsed = 00:00:20 . Memory (MB): peak = 3105.520 ; gain = 0.000 ; free physical = 1558 ; free virtual = 17995

Phase 8 Verifying routed nets

 Verification completed successfully
Phase 8 Verifying routed nets | Checksum: 1d6463efd

Time (s): cpu = 00:00:32 ; elapsed = 00:00:20 . Memory (MB): peak = 3105.520 ; gain = 0.000 ; free physical = 1558 ; free virtual = 17995

Phase 9 Depositing Routes
Phase 9 Depositing Routes | Checksum: 1627214ee

Time (s): cpu = 00:00:32 ; elapsed = 00:00:20 . Memory (MB): peak = 3105.520 ; gain = 0.000 ; free physical = 1557 ; free virtual = 17995

Phase 10 Post Router Timing
INFO: [Route 35-57] Estimated Timing Summary | WNS=0.907  | TNS=0.000  | WHS=0.029  | THS=0.000  |

INFO: [Route 35-327] The final timing numbers are based on the router estimated timing analysis. For a complete and accurate timing signoff, please run report_timing_summary.
Phase 10 Post Router Timing | Checksum: 1627214ee

Time (s): cpu = 00:00:32 ; elapsed = 00:00:20 . Memory (MB): peak = 3105.520 ; gain = 0.000 ; free physical = 1557 ; free virtual = 17995
INFO: [Route 35-16] Router Completed Successfully

Time (s): cpu = 00:00:32 ; elapsed = 00:00:20 . Memory (MB): peak = 3105.520 ; gain = 0.000 ; free physical = 1593 ; free virtual = 18031

Routing Is Done.
INFO: [Common 17-83] Releasing license: Implementation
108 Infos, 202 Warnings, 0 Critical Warnings and 0 Errors encountered.
route_design completed successfully
route_design: Time (s): cpu = 00:00:35 ; elapsed = 00:00:21 . Memory (MB): peak = 3105.520 ; gain = 0.000 ; free physical = 1593 ; free virtual = 18031
Netlist sorting complete. Time (s): cpu = 00:00:00 ; elapsed = 00:00:00 . Memory (MB): peak = 3105.520 ; gain = 0.000 ; free physical = 1593 ; free virtual = 18031
INFO: [Timing 38-480] Writing timing data to binary archive.
Writing placer database...
Netlist sorting complete. Time (s): cpu = 00:00:00 ; elapsed = 00:00:00 . Memory (MB): peak = 3105.520 ; gain = 0.000 ; free physical = 1590 ; free virtual = 18032
Writing XDEF routing.
Writing XDEF routing logical nets.
Writing XDEF routing special nets.
Write XDEF Complete: Time (s): cpu = 00:00:00.98 ; elapsed = 00:00:00.30 . Memory (MB): peak = 3105.520 ; gain = 0.000 ; free physical = 1580 ; free virtual = 18031
INFO: [Common 17-1381] The checkpoint '/home/maniek/Vivado/audio-effect-box/audio-effect-box.runs/impl_1/audio_processing_wrapper_routed.dcp' has been generated.
INFO: [runtcl-4] Executing : report_drc -file audio_processing_wrapper_drc_routed.rpt -pb audio_processing_wrapper_drc_routed.pb -rpx audio_processing_wrapper_drc_routed.rpx
Command: report_drc -file audio_processing_wrapper_drc_routed.rpt -pb audio_processing_wrapper_drc_routed.pb -rpx audio_processing_wrapper_drc_routed.rpx
INFO: [IP_Flow 19-1839] IP Catalog is up to date.
INFO: [DRC 23-27] Running DRC with 8 threads
INFO: [Coretcl 2-168] The results of DRC are in file /home/maniek/Vivado/audio-effect-box/audio-effect-box.runs/impl_1/audio_processing_wrapper_drc_routed.rpt.
report_drc completed successfully
INFO: [runtcl-4] Executing : report_methodology -file audio_processing_wrapper_methodology_drc_routed.rpt -pb audio_processing_wrapper_methodology_drc_routed.pb -rpx audio_processing_wrapper_methodology_drc_routed.rpx
Command: report_methodology -file audio_processing_wrapper_methodology_drc_routed.rpt -pb audio_processing_wrapper_methodology_drc_routed.pb -rpx audio_processing_wrapper_methodology_drc_routed.rpx
INFO: [Timing 38-35] Done setting XDC timing constraints.
INFO: [DRC 23-133] Running Methodology with 8 threads
INFO: [Coretcl 2-1520] The results of Report Methodology are in file /home/maniek/Vivado/audio-effect-box/audio-effect-box.runs/impl_1/audio_processing_wrapper_methodology_drc_routed.rpt.
report_methodology completed successfully
INFO: [runtcl-4] Executing : report_power -file audio_processing_wrapper_power_routed.rpt -pb audio_processing_wrapper_power_summary_routed.pb -rpx audio_processing_wrapper_power_routed.rpx
Command: report_power -file audio_processing_wrapper_power_routed.rpt -pb audio_processing_wrapper_power_summary_routed.pb -rpx audio_processing_wrapper_power_routed.rpx
INFO: [Timing 38-35] Done setting XDC timing constraints.
Running Vector-less Activity Propagation...

Finished Running Vector-less Activity Propagation
120 Infos, 202 Warnings, 0 Critical Warnings and 0 Errors encountered.
report_power completed successfully
INFO: [runtcl-4] Executing : report_route_status -file audio_processing_wrapper_route_status.rpt -pb audio_processing_wrapper_route_status.pb
INFO: [runtcl-4] Executing : report_timing_summary -max_paths 10 -file audio_processing_wrapper_timing_summary_routed.rpt -pb audio_processing_wrapper_timing_summary_routed.pb -rpx audio_processing_wrapper_timing_summary_routed.rpx -warn_on_violation 
INFO: [Timing 38-91] UpdateTimingParams: Speed grade: -1, Delay Type: min_max.
INFO: [Timing 38-191] Multithreading enabled for timing update using a maximum of 8 CPUs
INFO: [runtcl-4] Executing : report_incremental_reuse -file audio_processing_wrapper_incremental_reuse_routed.rpt
INFO: [Vivado_Tcl 4-1062] Incremental flow is disabled. No incremental reuse Info to report.
INFO: [runtcl-4] Executing : report_clock_utilization -file audio_processing_wrapper_clock_utilization_routed.rpt
INFO: [runtcl-4] Executing : report_bus_skew -warn_on_violation -file audio_processing_wrapper_bus_skew_routed.rpt -pb audio_processing_wrapper_bus_skew_routed.pb -rpx audio_processing_wrapper_bus_skew_routed.rpx
INFO: [Timing 38-91] UpdateTimingParams: Speed grade: -1, Delay Type: min_max.
INFO: [Timing 38-191] Multithreading enabled for timing update using a maximum of 8 CPUs
Command: write_bitstream -force audio_processing_wrapper.bit
Attempting to get a license for feature 'Implementation' and/or device 'xc7z020'
INFO: [Common 17-349] Got license for feature 'Implementation' and/or device 'xc7z020'
Running DRC as a precondition to command write_bitstream
INFO: [IP_Flow 19-1839] IP Catalog is up to date.
INFO: [DRC 23-27] Running DRC with 8 threads
WARNING: [Designutils 20-3303] unexpected site type 'IOPAD' in HDPYFinalizeIO
WARNING: [Designutils 20-3303] unexpected site type 'IOPAD' in HDPYFinalizeIO
WARNING: [Designutils 20-3303] unexpected site type 'IOPAD' in HDPYFinalizeIO
WARNING: [Designutils 20-3303] unexpected site type 'IOPAD' in HDPYFinalizeIO
WARNING: [Designutils 20-3303] unexpected site type 'IOPAD' in HDPYFinalizeIO
WARNING: [Designutils 20-3303] unexpected site type 'IOPAD' in HDPYFinalizeIO
WARNING: [Designutils 20-3303] unexpected site type 'IOPAD' in HDPYFinalizeIO
WARNING: [Designutils 20-3303] unexpected site type 'IOPAD' in HDPYFinalizeIO
WARNING: [Designutils 20-3303] unexpected site type 'IOPAD' in HDPYFinalizeIO
WARNING: [Designutils 20-3303] unexpected site type 'IOPAD' in HDPYFinalizeIO
WARNING: [Designutils 20-3303] unexpected site type 'IOPAD' in HDPYFinalizeIO
WARNING: [Designutils 20-3303] unexpected site type 'IOPAD' in HDPYFinalizeIO
WARNING: [Designutils 20-3303] unexpected site type 'IOPAD' in HDPYFinalizeIO
WARNING: [Designutils 20-3303] unexpected site type 'IOPAD' in HDPYFinalizeIO
WARNING: [Designutils 20-3303] unexpected site type 'IOPAD' in HDPYFinalizeIO
WARNING: [Designutils 20-3303] unexpected site type 'IOPAD' in HDPYFinalizeIO
WARNING: [Designutils 20-3303] unexpected site type 'IOPAD' in HDPYFinalizeIO
WARNING: [Designutils 20-3303] unexpected site type 'IOPAD' in HDPYFinalizeIO
WARNING: [Designutils 20-3303] unexpected site type 'IOPAD' in HDPYFinalizeIO
WARNING: [Designutils 20-3303] unexpected site type 'IOPAD' in HDPYFinalizeIO
WARNING: [Designutils 20-3303] unexpected site type 'IOPAD' in HDPYFinalizeIO
WARNING: [Designutils 20-3303] unexpected site type 'IOPAD' in HDPYFinalizeIO
WARNING: [Designutils 20-3303] unexpected site type 'IOPAD' in HDPYFinalizeIO
WARNING: [Designutils 20-3303] unexpected site type 'IOPAD' in HDPYFinalizeIO
WARNING: [Designutils 20-3303] unexpected site type 'IOPAD' in HDPYFinalizeIO
WARNING: [Designutils 20-3303] unexpected site type 'IOPAD' in HDPYFinalizeIO
WARNING: [Designutils 20-3303] unexpected site type 'IOPAD' in HDPYFinalizeIO
WARNING: [Designutils 20-3303] unexpected site type 'IOPAD' in HDPYFinalizeIO
WARNING: [Designutils 20-3303] unexpected site type 'IOPAD' in HDPYFinalizeIO
WARNING: [Designutils 20-3303] unexpected site type 'IOPAD' in HDPYFinalizeIO
WARNING: [Designutils 20-3303] unexpected site type 'IOPAD' in HDPYFinalizeIO
WARNING: [Designutils 20-3303] unexpected site type 'IOPAD' in HDPYFinalizeIO
WARNING: [Designutils 20-3303] unexpected site type 'IOPAD' in HDPYFinalizeIO
WARNING: [Designutils 20-3303] unexpected site type 'IOPAD' in HDPYFinalizeIO
WARNING: [Designutils 20-3303] unexpected site type 'IOPAD' in HDPYFinalizeIO
WARNING: [Designutils 20-3303] unexpected site type 'IOPAD' in HDPYFinalizeIO
WARNING: [Designutils 20-3303] unexpected site type 'IOPAD' in HDPYFinalizeIO
WARNING: [Designutils 20-3303] unexpected site type 'IOPAD' in HDPYFinalizeIO
WARNING: [Designutils 20-3303] unexpected site type 'IOPAD' in HDPYFinalizeIO
WARNING: [Designutils 20-3303] unexpected site type 'IOPAD' in HDPYFinalizeIO
WARNING: [Designutils 20-3303] unexpected site type 'IOPAD' in HDPYFinalizeIO
WARNING: [Designutils 20-3303] unexpected site type 'IOPAD' in HDPYFinalizeIO
WARNING: [Designutils 20-3303] unexpected site type 'IOPAD' in HDPYFinalizeIO
WARNING: [Designutils 20-3303] unexpected site type 'IOPAD' in HDPYFinalizeIO
WARNING: [Designutils 20-3303] unexpected site type 'IOPAD' in HDPYFinalizeIO
WARNING: [Designutils 20-3303] unexpected site type 'IOPAD' in HDPYFinalizeIO
WARNING: [Designutils 20-3303] unexpected site type 'IOPAD' in HDPYFinalizeIO
WARNING: [Designutils 20-3303] unexpected site type 'IOPAD' in HDPYFinalizeIO
WARNING: [Designutils 20-3303] unexpected site type 'IOPAD' in HDPYFinalizeIO
WARNING: [Designutils 20-3303] unexpected site type 'IOPAD' in HDPYFinalizeIO
WARNING: [Designutils 20-3303] unexpected site type 'IOPAD' in HDPYFinalizeIO
WARNING: [Designutils 20-3303] unexpected site type 'IOPAD' in HDPYFinalizeIO
WARNING: [Designutils 20-3303] unexpected site type 'IOPAD' in HDPYFinalizeIO
WARNING: [Designutils 20-3303] unexpected site type 'IOPAD' in HDPYFinalizeIO
WARNING: [Designutils 20-3303] unexpected site type 'IOPAD' in HDPYFinalizeIO
WARNING: [Designutils 20-3303] unexpected site type 'IOPAD' in HDPYFinalizeIO
WARNING: [Designutils 20-3303] unexpected site type 'IOPAD' in HDPYFinalizeIO
WARNING: [Designutils 20-3303] unexpected site type 'IOPAD' in HDPYFinalizeIO
WARNING: [Designutils 20-3303] unexpected site type 'IOPAD' in HDPYFinalizeIO
WARNING: [Designutils 20-3303] unexpected site type 'IOPAD' in HDPYFinalizeIO
WARNING: [Designutils 20-3303] unexpected site type 'IOPAD' in HDPYFinalizeIO
WARNING: [Designutils 20-3303] unexpected site type 'IOPAD' in HDPYFinalizeIO
WARNING: [Designutils 20-3303] unexpected site type 'IOPAD' in HDPYFinalizeIO
WARNING: [Designutils 20-3303] unexpected site type 'IOPAD' in HDPYFinalizeIO
WARNING: [Designutils 20-3303] unexpected site type 'IOPAD' in HDPYFinalizeIO
WARNING: [Designutils 20-3303] unexpected site type 'IOPAD' in HDPYFinalizeIO
WARNING: [Designutils 20-3303] unexpected site type 'IOPAD' in HDPYFinalizeIO
WARNING: [Designutils 20-3303] unexpected site type 'IOPAD' in HDPYFinalizeIO
WARNING: [Designutils 20-3303] unexpected site type 'IOPAD' in HDPYFinalizeIO
WARNING: [Designutils 20-3303] unexpected site type 'IOPAD' in HDPYFinalizeIO
WARNING: [Designutils 20-3303] unexpected site type 'IOPAD' in HDPYFinalizeIO
WARNING: [Designutils 20-3303] unexpected site type 'IOPAD' in HDPYFinalizeIO
WARNING: [Designutils 20-3303] unexpected site type 'IOPAD' in HDPYFinalizeIO
WARNING: [Designutils 20-3303] unexpected site type 'IOPAD' in HDPYFinalizeIO
WARNING: [Designutils 20-3303] unexpected site type 'IOPAD' in HDPYFinalizeIO
WARNING: [Designutils 20-3303] unexpected site type 'IOPAD' in HDPYFinalizeIO
WARNING: [Designutils 20-3303] unexpected site type 'IOPAD' in HDPYFinalizeIO
WARNING: [Designutils 20-3303] unexpected site type 'IOPAD' in HDPYFinalizeIO
WARNING: [Designutils 20-3303] unexpected site type 'IOPAD' in HDPYFinalizeIO
WARNING: [Designutils 20-3303] unexpected site type 'IOPAD' in HDPYFinalizeIO
WARNING: [Designutils 20-3303] unexpected site type 'IOPAD' in HDPYFinalizeIO
WARNING: [Designutils 20-3303] unexpected site type 'IOPAD' in HDPYFinalizeIO
WARNING: [Designutils 20-3303] unexpected site type 'IOPAD' in HDPYFinalizeIO
WARNING: [Designutils 20-3303] unexpected site type 'IOPAD' in HDPYFinalizeIO
WARNING: [Designutils 20-3303] unexpected site type 'IOPAD' in HDPYFinalizeIO
WARNING: [Designutils 20-3303] unexpected site type 'IOPAD' in HDPYFinalizeIO
WARNING: [Designutils 20-3303] unexpected site type 'IOPAD' in HDPYFinalizeIO
WARNING: [Designutils 20-3303] unexpected site type 'IOPAD' in HDPYFinalizeIO
WARNING: [Designutils 20-3303] unexpected site type 'IOPAD' in HDPYFinalizeIO
WARNING: [Designutils 20-3303] unexpected site type 'IOPAD' in HDPYFinalizeIO
WARNING: [Designutils 20-3303] unexpected site type 'IOPAD' in HDPYFinalizeIO
WARNING: [Designutils 20-3303] unexpected site type 'IOPAD' in HDPYFinalizeIO
WARNING: [Designutils 20-3303] unexpected site type 'IOPAD' in HDPYFinalizeIO
WARNING: [Designutils 20-3303] unexpected site type 'IOPAD' in HDPYFinalizeIO
WARNING: [Designutils 20-3303] unexpected site type 'IOPAD' in HDPYFinalizeIO
WARNING: [Designutils 20-3303] unexpected site type 'IOPAD' in HDPYFinalizeIO
WARNING: [Designutils 20-3303] unexpected site type 'IOPAD' in HDPYFinalizeIO
WARNING: [Designutils 20-3303] unexpected site type 'IOPAD' in HDPYFinalizeIO
WARNING: [Designutils 20-3303] unexpected site type 'IOPAD' in HDPYFinalizeIO
WARNING: [Designutils 20-3303] unexpected site type 'IOPAD' in HDPYFinalizeIO
INFO: [Common 17-14] Message 'Designutils 20-3303' appears 100 times and further instances of the messages will be disabled. Use the Tcl command set_msg_config to change the current settings.
WARNING: [DRC DPOP-2] MREG Output pipelining: DSP audio_processing_i/axis_audio_tremolo_0/inst/out_data_reg multiplier stage audio_processing_i/axis_audio_tremolo_0/inst/out_data_reg/P[47:0] is not pipelined (MREG=0). Pipelining the multiplier function will improve performance and will save significant power so it is suggested whenever possible to fully pipeline this function.  If this multiplier was inferred, it is suggested to describe an additional register stage after this function.  If there is no registered adder/accumulator following the multiply function, two pipeline stages are suggested to allow both the MREG and PREG registers to be used.  If the DSP48 was instantiated in the design, it is suggested to set both the MREG and PREG attributes to 1 when performing multiply functions.
WARNING: [DRC DPOP-2] MREG Output pipelining: DSP audio_processing_i/ssd1306_driver_0/inst/ssd1306_driver_inst/timer_inst/couter_max_reg multiplier stage audio_processing_i/ssd1306_driver_0/inst/ssd1306_driver_inst/timer_inst/couter_max_reg/P[47:0] is not pipelined (MREG=0). Pipelining the multiplier function will improve performance and will save significant power so it is suggested whenever possible to fully pipeline this function.  If this multiplier was inferred, it is suggested to describe an additional register stage after this function.  If there is no registered adder/accumulator following the multiply function, two pipeline stages are suggested to allow both the MREG and PREG registers to be used.  If the DSP48 was instantiated in the design, it is suggested to set both the MREG and PREG attributes to 1 when performing multiply functions.
INFO: [Vivado 12-3199] DRC finished with 0 Errors, 2 Warnings
INFO: [Vivado 12-3200] Please refer to the DRC report (report_drc) for more information.
INFO: [Designutils 20-2272] Running write_bitstream with 8 threads.
Loading data files...
Loading site data...
Loading route data...
Processing options...
Creating bitmap...
Creating bitstream...
Writing bitstream ./audio_processing_wrapper.bit...
INFO: [Vivado 12-1842] Bitgen Completed Successfully.
INFO: [Project 1-120] WebTalk data collection is mandatory when using a WebPACK part without a full Vivado license. To see the specific WebTalk data collected for your design, open the usage_statistics_webtalk.html or usage_statistics_webtalk.xml file in the implementation directory.
INFO: [Common 17-83] Releasing license: Implementation
140 Infos, 304 Warnings, 0 Critical Warnings and 0 Errors encountered.
write_bitstream completed successfully
write_bitstream: Time (s): cpu = 00:00:20 ; elapsed = 00:00:22 . Memory (MB): peak = 3388.355 ; gain = 246.789 ; free physical = 1548 ; free virtual = 18001
INFO: [Common 17-206] Exiting Vivado at Tue Jun 20 19:04:25 2023...
